<?xml version="1.0" encoding="UTF-8"?>
<!-- Generated by org.testng.reporters.JUnitReportReporter -->
<testsuite skipped="0" hostname="DESKTOP-9IBJ3QA" name="com.Saurabh.AutomationProject.TestRunner.TestRunner" tests="1" failures="0" timestamp="2020-10-22T13:39:46 IST" time="14.955" errors="0">
  <testcase name="runScenario" time="14.955" classname="com.Saurabh.AutomationProject.TestRunner.TestRunner"/>
  <system-out/>
</testsuite> <!-- com.Saurabh.AutomationProject.TestRunner.TestRunner -->
